app/build/intermediates/manifest_merge_blame_file/debug/manifest-merger-blame-debug-report.txt
1<?xml version="1.0" encoding="utf-8"?>
2<manifest xmlns:android="http://schemas.android.com/apk/res/android"
3    package="com.sparklead.shaaks"
4    android:versionCode="1"
5    android:versionName="1.0" >
6
7    <uses-sdk
8        android:minSdkVersion="26"
8-->src\main\AndroidManifest.xml
9        android:targetSdkVersion="32" />
9-->src\main\AndroidManifest.xml
10
11    <uses-permission android:name="android.permission.INTERNET" />
11-->src\main\AndroidManifest.xml:5:5-67
11-->src\main\AndroidManifest.xml:5:22-64
12
13    <application
13-->src\main\AndroidManifest.xml:7:5-296:19
14        android:allowBackup="true"
14-->src\main\AndroidManifest.xml:8:9-35
15        android:appComponentFactory="androidx.core.app.CoreComponentFactory"
15-->[androidx.core:core:1.7.0] AndroidManifest.xml:24:18-86
16        android:debuggable="true"
17        android:extractNativeLibs="false"
18        android:icon="@mipmap/ic_launcher"
18-->src\main\AndroidManifest.xml:9:9-43
19        android:label="@string/app_name"
19-->src\main\AndroidManifest.xml:10:9-41
20        android:roundIcon="@mipmap/ic_launcher_round"
20-->src\main\AndroidManifest.xml:11:9-54
21        android:supportsRtl="true"
21-->src\main\AndroidManifest.xml:12:9-35
22        android:testOnly="true"
23        android:theme="@style/Theme.Shaaks" >
23-->src\main\AndroidManifest.xml:13:9-44
24        <activity
24-->src\main\AndroidManifest.xml:14:9-18:54
25            android:name="com.sparklead.shaaks.engineering_as_a_carrer"
25-->src\main\AndroidManifest.xml:15:13-52
26            android:exported="false"
26-->src\main\AndroidManifest.xml:16:13-37
27            android:screenOrientation="portrait"
27-->src\main\AndroidManifest.xml:17:13-49
28            android:theme="@style/NoActionBarTheme" />
28-->src\main\AndroidManifest.xml:18:13-52
29        <activity
29-->src\main\AndroidManifest.xml:19:9-23:54
30            android:name="com.sparklead.shaaks.bnys"
30-->src\main\AndroidManifest.xml:20:13-33
31            android:exported="false"
31-->src\main\AndroidManifest.xml:21:13-37
32            android:screenOrientation="portrait"
32-->src\main\AndroidManifest.xml:22:13-49
33            android:theme="@style/NoActionBarTheme" />
33-->src\main\AndroidManifest.xml:23:13-52
34        <activity
34-->src\main\AndroidManifest.xml:24:9-28:54
35            android:name="com.sparklead.shaaks.bpth"
35-->src\main\AndroidManifest.xml:25:13-33
36            android:exported="false"
36-->src\main\AndroidManifest.xml:26:13-37
37            android:screenOrientation="portrait"
37-->src\main\AndroidManifest.xml:27:13-49
38            android:theme="@style/NoActionBarTheme" />
38-->src\main\AndroidManifest.xml:28:13-52
39        <activity
39-->src\main\AndroidManifest.xml:29:9-33:54
40            android:name="com.sparklead.shaaks.bmlt"
40-->src\main\AndroidManifest.xml:30:13-33
41            android:exported="false"
41-->src\main\AndroidManifest.xml:31:13-37
42            android:screenOrientation="portrait"
42-->src\main\AndroidManifest.xml:32:13-49
43            android:theme="@style/NoActionBarTheme" />
43-->src\main\AndroidManifest.xml:33:13-52
44        <activity
44-->src\main\AndroidManifest.xml:34:9-38:54
45            android:name="com.sparklead.shaaks.bot"
45-->src\main\AndroidManifest.xml:35:13-32
46            android:exported="false"
46-->src\main\AndroidManifest.xml:36:13-37
47            android:screenOrientation="portrait"
47-->src\main\AndroidManifest.xml:37:13-49
48            android:theme="@style/NoActionBarTheme" />
48-->src\main\AndroidManifest.xml:38:13-52
49        <activity
49-->src\main\AndroidManifest.xml:39:9-43:54
50            android:name="com.sparklead.shaaks.bds"
50-->src\main\AndroidManifest.xml:40:13-32
51            android:exported="false"
51-->src\main\AndroidManifest.xml:41:13-37
52            android:screenOrientation="portrait"
52-->src\main\AndroidManifest.xml:42:13-49
53            android:theme="@style/NoActionBarTheme" />
53-->src\main\AndroidManifest.xml:43:13-52
54        <activity
54-->src\main\AndroidManifest.xml:44:9-48:54
55            android:name="com.sparklead.shaaks.mbbs"
55-->src\main\AndroidManifest.xml:45:13-33
56            android:exported="false"
56-->src\main\AndroidManifest.xml:46:13-37
57            android:screenOrientation="portrait"
57-->src\main\AndroidManifest.xml:47:13-49
58            android:theme="@style/NoActionBarTheme" />
58-->src\main\AndroidManifest.xml:48:13-52
59        <activity
59-->src\main\AndroidManifest.xml:49:9-53:54
60            android:name="com.sparklead.shaaks.pharmacycourseafter12"
60-->src\main\AndroidManifest.xml:50:13-50
61            android:exported="false"
61-->src\main\AndroidManifest.xml:51:13-37
62            android:screenOrientation="portrait"
62-->src\main\AndroidManifest.xml:52:13-49
63            android:theme="@style/NoActionBarTheme" />
63-->src\main\AndroidManifest.xml:53:13-52
64        <activity
64-->src\main\AndroidManifest.xml:54:9-58:54
65            android:name="com.sparklead.shaaks.sciencecourseafter12"
65-->src\main\AndroidManifest.xml:55:13-49
66            android:exported="false"
66-->src\main\AndroidManifest.xml:56:13-37
67            android:screenOrientation="portrait"
67-->src\main\AndroidManifest.xml:57:13-49
68            android:theme="@style/NoActionBarTheme" />
68-->src\main\AndroidManifest.xml:58:13-52
69        <activity
69-->src\main\AndroidManifest.xml:59:9-63:54
70            android:name="com.sparklead.shaaks.barchetecture"
70-->src\main\AndroidManifest.xml:60:13-42
71            android:exported="false"
71-->src\main\AndroidManifest.xml:61:13-37
72            android:screenOrientation="portrait"
72-->src\main\AndroidManifest.xml:62:13-49
73            android:theme="@style/NoActionBarTheme" />
73-->src\main\AndroidManifest.xml:63:13-52
74        <activity
74-->src\main\AndroidManifest.xml:64:9-68:54
75            android:name="com.sparklead.shaaks.plasticengineer"
75-->src\main\AndroidManifest.xml:65:13-44
76            android:exported="false"
76-->src\main\AndroidManifest.xml:66:13-37
77            android:screenOrientation="portrait"
77-->src\main\AndroidManifest.xml:67:13-49
78            android:theme="@style/NoActionBarTheme" />
78-->src\main\AndroidManifest.xml:68:13-52
79        <activity
79-->src\main\AndroidManifest.xml:69:9-73:54
80            android:name="com.sparklead.shaaks.industrialengineer"
80-->src\main\AndroidManifest.xml:70:13-47
81            android:exported="false"
81-->src\main\AndroidManifest.xml:71:13-37
82            android:screenOrientation="portrait"
82-->src\main\AndroidManifest.xml:72:13-49
83            android:theme="@style/NoActionBarTheme" />
83-->src\main\AndroidManifest.xml:73:13-52
84        <activity
84-->src\main\AndroidManifest.xml:74:9-78:54
85            android:name="com.sparklead.shaaks.environmentalengineer"
85-->src\main\AndroidManifest.xml:75:13-50
86            android:exported="false"
86-->src\main\AndroidManifest.xml:76:13-37
87            android:screenOrientation="portrait"
87-->src\main\AndroidManifest.xml:77:13-49
88            android:theme="@style/NoActionBarTheme" />
88-->src\main\AndroidManifest.xml:78:13-52
89        <activity
89-->src\main\AndroidManifest.xml:79:9-83:54
90            android:name="com.sparklead.shaaks.mettalurgyengineering"
90-->src\main\AndroidManifest.xml:80:13-50
91            android:exported="false"
91-->src\main\AndroidManifest.xml:81:13-37
92            android:screenOrientation="portrait"
92-->src\main\AndroidManifest.xml:82:13-49
93            android:theme="@style/NoActionBarTheme" />
93-->src\main\AndroidManifest.xml:83:13-52
94        <activity
94-->src\main\AndroidManifest.xml:84:9-88:54
95            android:name="com.sparklead.shaaks.marineengineering"
95-->src\main\AndroidManifest.xml:85:13-46
96            android:exported="false"
96-->src\main\AndroidManifest.xml:86:13-37
97            android:screenOrientation="portrait"
97-->src\main\AndroidManifest.xml:87:13-49
98            android:theme="@style/NoActionBarTheme" />
98-->src\main\AndroidManifest.xml:88:13-52
99        <activity
99-->src\main\AndroidManifest.xml:89:9-93:54
100            android:name="com.sparklead.shaaks.electricalengineer"
100-->src\main\AndroidManifest.xml:90:13-47
101            android:exported="false"
101-->src\main\AndroidManifest.xml:91:13-37
102            android:screenOrientation="portrait"
102-->src\main\AndroidManifest.xml:92:13-49
103            android:theme="@style/NoActionBarTheme" />
103-->src\main\AndroidManifest.xml:93:13-52
104        <activity
104-->src\main\AndroidManifest.xml:94:9-98:54
105            android:name="com.sparklead.shaaks.chemicalengineering"
105-->src\main\AndroidManifest.xml:95:13-48
106            android:exported="false"
106-->src\main\AndroidManifest.xml:96:13-37
107            android:screenOrientation="portrait"
107-->src\main\AndroidManifest.xml:97:13-49
108            android:theme="@style/NoActionBarTheme" />
108-->src\main\AndroidManifest.xml:98:13-52
109        <activity
109-->src\main\AndroidManifest.xml:99:9-103:54
110            android:name="com.sparklead.shaaks.textileengineering"
110-->src\main\AndroidManifest.xml:100:13-47
111            android:exported="false"
111-->src\main\AndroidManifest.xml:101:13-37
112            android:screenOrientation="portrait"
112-->src\main\AndroidManifest.xml:102:13-49
113            android:theme="@style/NoActionBarTheme" />
113-->src\main\AndroidManifest.xml:103:13-52
114        <activity
114-->src\main\AndroidManifest.xml:104:9-108:54
115            android:name="com.sparklead.shaaks.spacetechnologist"
115-->src\main\AndroidManifest.xml:105:13-46
116            android:exported="false"
116-->src\main\AndroidManifest.xml:106:13-37
117            android:screenOrientation="portrait"
117-->src\main\AndroidManifest.xml:107:13-49
118            android:theme="@style/NoActionBarTheme" />
118-->src\main\AndroidManifest.xml:108:13-52
119        <activity
119-->src\main\AndroidManifest.xml:109:9-113:54
120            android:name="com.sparklead.shaaks.petroleumengineering"
120-->src\main\AndroidManifest.xml:110:13-49
121            android:exported="false"
121-->src\main\AndroidManifest.xml:111:13-37
122            android:screenOrientation="portrait"
122-->src\main\AndroidManifest.xml:112:13-49
123            android:theme="@style/NoActionBarTheme" />
123-->src\main\AndroidManifest.xml:113:13-52
124        <activity
124-->src\main\AndroidManifest.xml:114:9-118:54
125            android:name="com.sparklead.shaaks.mechanicalengineering"
125-->src\main\AndroidManifest.xml:115:13-50
126            android:exported="false"
126-->src\main\AndroidManifest.xml:116:13-37
127            android:screenOrientation="portrait"
127-->src\main\AndroidManifest.xml:117:13-49
128            android:theme="@style/NoActionBarTheme" />
128-->src\main\AndroidManifest.xml:118:13-52
129        <activity
129-->src\main\AndroidManifest.xml:119:9-123:54
130            android:name="com.sparklead.shaaks.ui.chatbot"
130-->src\main\AndroidManifest.xml:120:13-39
131            android:exported="false"
131-->src\main\AndroidManifest.xml:121:13-37
132            android:screenOrientation="portrait"
132-->src\main\AndroidManifest.xml:122:13-49
133            android:theme="@style/NoActionBarTheme" />
133-->src\main\AndroidManifest.xml:123:13-52
134        <activity
134-->src\main\AndroidManifest.xml:124:9-128:54
135            android:name="com.sparklead.shaaks.geneticengineering"
135-->src\main\AndroidManifest.xml:125:13-47
136            android:exported="false"
136-->src\main\AndroidManifest.xml:126:13-37
137            android:screenOrientation="portrait"
137-->src\main\AndroidManifest.xml:127:13-49
138            android:theme="@style/NoActionBarTheme" />
138-->src\main\AndroidManifest.xml:128:13-52
139        <activity
139-->src\main\AndroidManifest.xml:129:9-133:54
140            android:name="com.sparklead.shaaks.computerscience"
140-->src\main\AndroidManifest.xml:130:13-44
141            android:exported="false"
141-->src\main\AndroidManifest.xml:131:13-37
142            android:screenOrientation="portrait"
142-->src\main\AndroidManifest.xml:132:13-49
143            android:theme="@style/NoActionBarTheme" />
143-->src\main\AndroidManifest.xml:133:13-52
144        <activity
144-->src\main\AndroidManifest.xml:134:9-138:54
145            android:name="com.sparklead.shaaks.CommerceWithoutMaths"
145-->src\main\AndroidManifest.xml:135:13-49
146            android:exported="false"
146-->src\main\AndroidManifest.xml:136:13-37
147            android:screenOrientation="portrait"
147-->src\main\AndroidManifest.xml:137:13-49
148            android:theme="@style/NoActionBarTheme" />
148-->src\main\AndroidManifest.xml:138:13-52
149        <activity
149-->src\main\AndroidManifest.xml:139:9-143:55
150            android:name="com.sparklead.shaaks.diplomacoursecommerce"
150-->src\main\AndroidManifest.xml:140:13-50
151            android:exported="false"
151-->src\main\AndroidManifest.xml:141:13-37
152            android:screenOrientation="portrait"
152-->src\main\AndroidManifest.xml:142:13-49
153            android:theme="@style/NoActionBarTheme" />
153-->src\main\AndroidManifest.xml:143:13-52
154        <activity
154-->src\main\AndroidManifest.xml:144:9-148:55
155            android:name="com.sparklead.shaaks.bestcoursecommerce"
155-->src\main\AndroidManifest.xml:145:13-47
156            android:exported="false"
156-->src\main\AndroidManifest.xml:146:13-37
157            android:screenOrientation="portrait"
157-->src\main\AndroidManifest.xml:147:13-49
158            android:theme="@style/NoActionBarTheme" />
158-->src\main\AndroidManifest.xml:148:13-52
159        <activity
159-->src\main\AndroidManifest.xml:149:9-153:55
160            android:name="com.sparklead.shaaks.creativecoursecommerce"
160-->src\main\AndroidManifest.xml:150:13-51
161            android:exported="false"
161-->src\main\AndroidManifest.xml:151:13-37
162            android:screenOrientation="portrait"
162-->src\main\AndroidManifest.xml:152:13-49
163            android:theme="@style/NoActionBarTheme" />
163-->src\main\AndroidManifest.xml:153:13-52
164        <activity
164-->src\main\AndroidManifest.xml:154:9-158:55
165            android:name="com.sparklead.shaaks.proffesionalcoursecomerrce"
165-->src\main\AndroidManifest.xml:155:13-55
166            android:exported="false"
166-->src\main\AndroidManifest.xml:156:13-37
167            android:screenOrientation="portrait"
167-->src\main\AndroidManifest.xml:157:13-49
168            android:theme="@style/NoActionBarTheme" />
168-->src\main\AndroidManifest.xml:158:13-52
169        <activity
169-->src\main\AndroidManifest.xml:159:9-163:55
170            android:name="com.sparklead.shaaks.managementcoursecommerce"
170-->src\main\AndroidManifest.xml:160:13-53
171            android:exported="false"
171-->src\main\AndroidManifest.xml:161:13-37
172            android:screenOrientation="portrait"
172-->src\main\AndroidManifest.xml:162:13-49
173            android:theme="@style/NoActionBarTheme" />
173-->src\main\AndroidManifest.xml:163:13-52
174        <activity
174-->src\main\AndroidManifest.xml:164:9-168:55
175            android:name="com.sparklead.shaaks.commercewithmath"
175-->src\main\AndroidManifest.xml:165:13-45
176            android:exported="false"
176-->src\main\AndroidManifest.xml:166:13-37
177            android:screenOrientation="portrait"
177-->src\main\AndroidManifest.xml:167:13-49
178            android:theme="@style/NoActionBarTheme" />
178-->src\main\AndroidManifest.xml:168:13-52
179        <activity
179-->src\main\AndroidManifest.xml:169:9-173:55
180            android:name="com.sparklead.shaaks.communicationalengineering"
180-->src\main\AndroidManifest.xml:170:13-55
181            android:exported="false"
181-->src\main\AndroidManifest.xml:171:13-37
182            android:screenOrientation="portrait"
182-->src\main\AndroidManifest.xml:172:13-49
183            android:theme="@style/NoActionBarTheme" />
183-->src\main\AndroidManifest.xml:173:13-52
184        <activity
184-->src\main\AndroidManifest.xml:174:9-178:55
185            android:name="com.sparklead.shaaks.broadcastengineer"
185-->src\main\AndroidManifest.xml:175:13-46
186            android:exported="false"
186-->src\main\AndroidManifest.xml:176:13-37
187            android:screenOrientation="portrait"
187-->src\main\AndroidManifest.xml:177:13-49
188            android:theme="@style/NoActionBarTheme" />
188-->src\main\AndroidManifest.xml:178:13-52
189        <activity
189-->src\main\AndroidManifest.xml:179:9-183:55
190            android:name="com.sparklead.shaaks.biotechnologist"
190-->src\main\AndroidManifest.xml:180:13-44
191            android:exported="false"
191-->src\main\AndroidManifest.xml:181:13-37
192            android:screenOrientation="portrait"
192-->src\main\AndroidManifest.xml:182:13-49
193            android:theme="@style/NoActionBarTheme" />
193-->src\main\AndroidManifest.xml:183:13-52
194        <activity
194-->src\main\AndroidManifest.xml:184:9-188:55
195            android:name="com.sparklead.shaaks.biomedicaengineering"
195-->src\main\AndroidManifest.xml:185:13-49
196            android:exported="false"
196-->src\main\AndroidManifest.xml:186:13-37
197            android:screenOrientation="portrait"
197-->src\main\AndroidManifest.xml:187:13-49
198            android:theme="@style/NoActionBarTheme" />
198-->src\main\AndroidManifest.xml:188:13-52
199        <activity
199-->src\main\AndroidManifest.xml:189:9-193:55
200            android:name="com.sparklead.shaaks.Agricultureengg"
200-->src\main\AndroidManifest.xml:190:13-44
201            android:exported="false"
201-->src\main\AndroidManifest.xml:191:13-37
202            android:screenOrientation="portrait"
202-->src\main\AndroidManifest.xml:192:13-49
203            android:theme="@style/NoActionBarTheme" />
203-->src\main\AndroidManifest.xml:193:13-52
204        <activity
204-->src\main\AndroidManifest.xml:194:9-198:55
205            android:name="com.sparklead.shaaks.AutomobileEng"
205-->src\main\AndroidManifest.xml:195:13-42
206            android:exported="false"
206-->src\main\AndroidManifest.xml:196:13-37
207            android:screenOrientation="portrait"
207-->src\main\AndroidManifest.xml:197:13-49
208            android:theme="@style/NoActionBarTheme" />
208-->src\main\AndroidManifest.xml:198:13-52
209        <activity
209-->src\main\AndroidManifest.xml:199:9-203:55
210            android:name="com.sparklead.shaaks.Civileng"
210-->src\main\AndroidManifest.xml:200:13-37
211            android:exported="false"
211-->src\main\AndroidManifest.xml:201:13-37
212            android:screenOrientation="portrait"
212-->src\main\AndroidManifest.xml:202:13-49
213            android:theme="@style/NoActionBarTheme" />
213-->src\main\AndroidManifest.xml:203:13-52
214        <activity
214-->src\main\AndroidManifest.xml:204:9-208:55
215            android:name="com.sparklead.shaaks.Aeronautical"
215-->src\main\AndroidManifest.xml:205:13-41
216            android:exported="false"
216-->src\main\AndroidManifest.xml:206:13-37
217            android:screenOrientation="portrait"
217-->src\main\AndroidManifest.xml:207:13-49
218            android:theme="@style/NoActionBarTheme" />
218-->src\main\AndroidManifest.xml:208:13-52
219        <activity
219-->src\main\AndroidManifest.xml:209:9-213:55
220            android:name="com.sparklead.shaaks.Engineering"
220-->src\main\AndroidManifest.xml:210:13-40
221            android:exported="false"
221-->src\main\AndroidManifest.xml:211:13-37
222            android:screenOrientation="portrait"
222-->src\main\AndroidManifest.xml:212:13-49
223            android:theme="@style/NoActionBarTheme" />
223-->src\main\AndroidManifest.xml:213:13-52
224        <activity
224-->src\main\AndroidManifest.xml:214:9-218:55
225            android:name="com.sparklead.shaaks.Vocational"
225-->src\main\AndroidManifest.xml:215:13-39
226            android:exported="false"
226-->src\main\AndroidManifest.xml:216:13-37
227            android:screenOrientation="portrait"
227-->src\main\AndroidManifest.xml:217:13-49
228            android:theme="@style/NoActionBarTheme" />
228-->src\main\AndroidManifest.xml:218:13-52
229        <activity
229-->src\main\AndroidManifest.xml:219:9-223:55
230            android:name="com.sparklead.shaaks.Shorttermcourse"
230-->src\main\AndroidManifest.xml:220:13-44
231            android:exported="false"
231-->src\main\AndroidManifest.xml:221:13-37
232            android:screenOrientation="portrait"
232-->src\main\AndroidManifest.xml:222:13-49
233            android:theme="@style/NoActionBarTheme" />
233-->src\main\AndroidManifest.xml:223:13-52
234        <activity
234-->src\main\AndroidManifest.xml:224:9-228:55
235            android:name="com.sparklead.shaaks.Iti"
235-->src\main\AndroidManifest.xml:225:13-32
236            android:exported="false"
236-->src\main\AndroidManifest.xml:226:13-37
237            android:screenOrientation="portrait"
237-->src\main\AndroidManifest.xml:227:13-49
238            android:theme="@style/NoActionBarTheme" />
238-->src\main\AndroidManifest.xml:228:13-52
239        <activity
239-->src\main\AndroidManifest.xml:229:9-233:55
240            android:name="com.sparklead.shaaks.Diploma"
240-->src\main\AndroidManifest.xml:230:13-36
241            android:exported="false"
241-->src\main\AndroidManifest.xml:231:13-37
242            android:screenOrientation="portrait"
242-->src\main\AndroidManifest.xml:232:13-49
243            android:theme="@style/NoActionBarTheme" />
243-->src\main\AndroidManifest.xml:233:13-52
244        <activity
244-->src\main\AndroidManifest.xml:234:9-238:55
245            android:name="com.sparklead.shaaks.Arts"
245-->src\main\AndroidManifest.xml:235:13-33
246            android:exported="false"
246-->src\main\AndroidManifest.xml:236:13-37
247            android:screenOrientation="portrait"
247-->src\main\AndroidManifest.xml:237:13-49
248            android:theme="@style/NoActionBarTheme" />
248-->src\main\AndroidManifest.xml:238:13-52
249        <activity
249-->src\main\AndroidManifest.xml:239:9-243:55
250            android:name="com.sparklead.shaaks.Commerce"
250-->src\main\AndroidManifest.xml:240:13-37
251            android:exported="false"
251-->src\main\AndroidManifest.xml:241:13-37
252            android:screenOrientation="portrait"
252-->src\main\AndroidManifest.xml:242:13-49
253            android:theme="@style/NoActionBarTheme" />
253-->src\main\AndroidManifest.xml:243:13-52
254        <activity
254-->src\main\AndroidManifest.xml:244:9-248:55
255            android:name="com.sparklead.shaaks.Science"
255-->src\main\AndroidManifest.xml:245:13-36
256            android:exported="false"
256-->src\main\AndroidManifest.xml:246:13-37
257            android:screenOrientation="portrait"
257-->src\main\AndroidManifest.xml:247:13-49
258            android:theme="@style/NoActionBarTheme" />
258-->src\main\AndroidManifest.xml:248:13-52
259        <activity
259-->src\main\AndroidManifest.xml:249:9-253:55
260            android:name="com.sparklead.shaaks.Pcmb"
260-->src\main\AndroidManifest.xml:250:13-33
261            android:exported="false"
261-->src\main\AndroidManifest.xml:251:13-37
262            android:screenOrientation="portrait"
262-->src\main\AndroidManifest.xml:252:13-49
263            android:theme="@style/NoActionBarTheme" />
263-->src\main\AndroidManifest.xml:253:13-52
264        <activity
264-->src\main\AndroidManifest.xml:254:9-258:55
265            android:name="com.sparklead.shaaks.Pcb"
265-->src\main\AndroidManifest.xml:255:13-32
266            android:exported="false"
266-->src\main\AndroidManifest.xml:256:13-37
267            android:screenOrientation="portrait"
267-->src\main\AndroidManifest.xml:257:13-49
268            android:theme="@style/NoActionBarTheme" />
268-->src\main\AndroidManifest.xml:258:13-52
269        <activity
269-->src\main\AndroidManifest.xml:259:9-263:55
270            android:name="com.sparklead.shaaks.Pcm"
270-->src\main\AndroidManifest.xml:260:13-32
271            android:exported="false"
271-->src\main\AndroidManifest.xml:261:13-37
272            android:screenOrientation="portrait"
272-->src\main\AndroidManifest.xml:262:13-49
273            android:theme="@style/NoActionBarTheme" />
273-->src\main\AndroidManifest.xml:263:13-52
274        <activity
274-->src\main\AndroidManifest.xml:264:9-268:55
275            android:name="com.sparklead.shaaks.Eleven"
275-->src\main\AndroidManifest.xml:265:13-35
276            android:exported="false"
276-->src\main\AndroidManifest.xml:266:13-37
277            android:screenOrientation="portrait"
277-->src\main\AndroidManifest.xml:267:13-49
278            android:theme="@style/NoActionBarTheme" />
278-->src\main\AndroidManifest.xml:268:13-52
279        <activity
279-->src\main\AndroidManifest.xml:269:9-273:55
280            android:name="com.sparklead.shaaks.Eight"
280-->src\main\AndroidManifest.xml:270:13-34
281            android:exported="false"
281-->src\main\AndroidManifest.xml:271:13-37
282            android:screenOrientation="portrait"
282-->src\main\AndroidManifest.xml:272:13-49
283            android:theme="@style/NoActionBarTheme" />
283-->src\main\AndroidManifest.xml:273:13-52
284        <activity
284-->src\main\AndroidManifest.xml:274:9-278:55
285            android:name="com.sparklead.shaaks.Selection"
285-->src\main\AndroidManifest.xml:275:13-38
286            android:exported="false"
286-->src\main\AndroidManifest.xml:276:13-37
287            android:screenOrientation="portrait"
287-->src\main\AndroidManifest.xml:277:13-49
288            android:theme="@style/NoActionBarTheme" />
288-->src\main\AndroidManifest.xml:278:13-52
289        <activity
289-->src\main\AndroidManifest.xml:279:9-284:58
290            android:name="com.sparklead.shaaks.Login"
290-->src\main\AndroidManifest.xml:280:13-34
291            android:exported="false"
291-->src\main\AndroidManifest.xml:281:13-37
292            android:screenOrientation="portrait"
292-->src\main\AndroidManifest.xml:282:13-49
293            android:theme="@style/NoActionBarTheme"
293-->src\main\AndroidManifest.xml:283:13-52
294            android:windowSoftInputMode="adjustResize" />
294-->src\main\AndroidManifest.xml:284:13-55
295        <activity
295-->src\main\AndroidManifest.xml:285:9-295:20
296            android:name="com.sparklead.shaaks.MainActivity"
296-->src\main\AndroidManifest.xml:286:13-41
297            android:exported="true"
297-->src\main\AndroidManifest.xml:287:13-36
298            android:screenOrientation="portrait"
298-->src\main\AndroidManifest.xml:288:13-49
299            android:theme="@style/NoActionBarTheme" >
299-->src\main\AndroidManifest.xml:289:13-52
300            <intent-filter>
300-->src\main\AndroidManifest.xml:290:13-294:29
301                <action android:name="android.intent.action.MAIN" />
301-->src\main\AndroidManifest.xml:291:17-69
301-->src\main\AndroidManifest.xml:291:25-66
302
303                <category android:name="android.intent.category.LAUNCHER" />
303-->src\main\AndroidManifest.xml:293:17-77
303-->src\main\AndroidManifest.xml:293:27-74
304            </intent-filter>
305        </activity>
306        <activity
306-->[com.google.android.gms:play-services-auth:20.1.0] AndroidManifest.xml:23:9-27:75
307            android:name="com.google.android.gms.auth.api.signin.internal.SignInHubActivity"
307-->[com.google.android.gms:play-services-auth:20.1.0] AndroidManifest.xml:24:13-93
308            android:excludeFromRecents="true"
308-->[com.google.android.gms:play-services-auth:20.1.0] AndroidManifest.xml:25:13-46
309            android:exported="false"
309-->[com.google.android.gms:play-services-auth:20.1.0] AndroidManifest.xml:26:13-37
310            android:theme="@android:style/Theme.Translucent.NoTitleBar" />
310-->[com.google.android.gms:play-services-auth:20.1.0] AndroidManifest.xml:27:13-72
311        <!--
312            Service handling Google Sign-In user revocation. For apps that do not integrate with
313            Google Sign-In, this service will never be started.
314        -->
315        <service
315-->[com.google.android.gms:play-services-auth:20.1.0] AndroidManifest.xml:33:9-37:51
316            android:name="com.google.android.gms.auth.api.signin.RevocationBoundService"
316-->[com.google.android.gms:play-services-auth:20.1.0] AndroidManifest.xml:34:13-89
317            android:exported="true"
317-->[com.google.android.gms:play-services-auth:20.1.0] AndroidManifest.xml:35:13-36
318            android:permission="com.google.android.gms.auth.api.signin.permission.REVOCATION_NOTIFICATION"
318-->[com.google.android.gms:play-services-auth:20.1.0] AndroidManifest.xml:36:13-107
319            android:visibleToInstantApps="true" />
319-->[com.google.android.gms:play-services-auth:20.1.0] AndroidManifest.xml:37:13-48
320
321        <activity
321-->[com.google.android.gms:play-services-base:18.0.1] AndroidManifest.xml:20:9-22:45
322            android:name="com.google.android.gms.common.api.GoogleApiActivity"
322-->[com.google.android.gms:play-services-base:18.0.1] AndroidManifest.xml:20:19-85
323            android:exported="false"
323-->[com.google.android.gms:play-services-base:18.0.1] AndroidManifest.xml:22:19-43
324            android:theme="@android:style/Theme.Translucent.NoTitleBar" />
324-->[com.google.android.gms:play-services-base:18.0.1] AndroidManifest.xml:21:19-78
325
326        <meta-data
326-->[com.google.android.gms:play-services-basement:18.0.0] AndroidManifest.xml:21:9-23:69
327            android:name="com.google.android.gms.version"
327-->[com.google.android.gms:play-services-basement:18.0.0] AndroidManifest.xml:22:13-58
328            android:value="@integer/google_play_services_version" />
328-->[com.google.android.gms:play-services-basement:18.0.0] AndroidManifest.xml:23:13-66
329
330        <provider
330-->[androidx.emoji2:emoji2:1.0.0] AndroidManifest.xml:26:9-34:20